: exit-point?  ( a - flag) 
	case 
	919 of  -1  endof
	1119 of  -1  endof
	1125 of  -1  endof
	1182 of  -1  endof
	1196 of  -1  endof
	1228 of  -1  endof
	1278 of  -1  endof
	1282 of  -1  endof
	1357 of  -1  endof
	1365 of  -1  endof
	1377 of  -1  endof
	1390 of  -1  endof
	1404 of  -1  endof
	1418 of  -1  endof
	1451 of  -1  endof
	1468 of  -1  endof
	1517 of  -1  endof
	1525 of  -1  endof
	1539 of  -1  endof
	1607 of  -1  endof
	1619 of  -1  endof
	1687 of  -1  endof
	1721 of  -1  endof
	1788 of  -1  endof
	1794 of  -1  endof
	1800 of  -1  endof
	1806 of  -1  endof
	1859 of  -1  endof
	1881 of  -1  endof
	1905 of  -1  endof
	1932 of  -1  endof
	2003 of  -1  endof
	2097 of  -1  endof
	2115 of  -1  endof
	2129 of  -1  endof
	2147 of  -1  endof
	2149 of  -1  endof
	2192 of  -1  endof
	2244 of  -1  endof
	2283 of  -1  endof
	2313 of  -1  endof
	2323 of  -1  endof
	2362 of  -1  endof
	2372 of  -1  endof
	2382 of  -1  endof
	2474 of  -1  endof
	2502 of  -1  endof
	2525 of  -1  endof
	2546 of  -1  endof
	2574 of  -1  endof
	2595 of  -1  endof
	2621 of  -1  endof
	2703 of  -1  endof
	2710 of  -1  endof
	2717 of  -1  endof
	2724 of  -1  endof
	2731 of  -1  endof
	2737 of  -1  endof
	2763 of  -1  endof
	2792 of  -1  endof
	2843 of  -1  endof
	2894 of  -1  endof
	2903 of  -1  endof
	2912 of  -1  endof
	2921 of  -1  endof
	2997 of  -1  endof
	3033 of  -1  endof
	3082 of  -1  endof
	3120 of  -1  endof
	3129 of  -1  endof
	3138 of  -1  endof
	3147 of  -1  endof
	3156 of  -1  endof
	3179 of  -1  endof
	3188 of  -1  endof
	3192 of  -1  endof
	3298 of  -1  endof
	3306 of  -1  endof
	3316 of  -1  endof
	3318 of  -1  endof
	3357 of  -1  endof
	3360 of  -1  endof
	3378 of  -1  endof
	3382 of  -1  endof
	3407 of  -1  endof
	3414 of  -1  endof
	3421 of  -1  endof
	3446 of  -1  endof
	3676 of  -1  endof
	3716 of  -1  endof
	3851 of  -1  endof
	3866 of  -1  endof
	3890 of  -1  endof
	3914 of  -1  endof
	3930 of  -1  endof
	3959 of  -1  endof
	3978 of  -1  endof
	3985 of  -1  endof
	4020 of  -1  endof
	4060 of  -1  endof
	4065 of  -1  endof
	4069 of  -1  endof
	4096 of  -1  endof
	4132 of  -1  endof
	4219 of  -1  endof
	4246 of  -1  endof
	4280 of  -1  endof
	4307 of  -1  endof
	4338 of  -1  endof
	4374 of  -1  endof
	4402 of  -1  endof
	4471 of  -1  endof
	4480 of  -1  endof
	4496 of  -1  endof
	4518 of  -1  endof
	4582 of  -1  endof
	0 swap
	endcase ; 