: .label  ( a - flag) 
	0 swap 
	case 
	611 of  .\" noop " -1 or  endof
	612 of  .\" dup " -1 or  endof
	618 of  .\" 2drop " -1 or  endof
	620 of  .\" drop " -1 or  endof
	626 of  .\" pfa " -1 or  endof
	633 of  .\" invert " -1 or  endof
	638 of  .\" flip " -1 or  endof
	640 of  .\" 1+ " -1 or  endof
	645 of  .\" 2+ " -1 or  endof
	651 of  .\" 1- " -1 or  endof
	656 of  .\" lit " -1 or  endof
	674 of  .\" swap " -1 or  endof
	682 of  .\" over " -1 or  endof
	691 of  .\" c@i " -1 or  endof
	696 of  .\" @i " -1 or  endof
	702 of  .\" c! " -1 or  endof
	702 of  .\" c!i " -1 or  endof
	709 of  .\" ! " -1 or  endof
	709 of  .\" !i " -1 or  endof
	719 of  .\" c@d " -1 or  endof
	727 of  .\" @d " -1 or  endof
	736 of  .\" c!d " -1 or  endof
	746 of  .\" !d " -1 or  endof
	761 of  .\" c@ " -1 or  endof
	768 of  .\" c@p " -1 or  endof
	776 of  .\" @ " -1 or  endof
	783 of  .\" @p " -1 or  endof
	794 of  .\" + " -1 or  endof
	801 of  .\" and " -1 or  endof
	808 of  .\" or " -1 or  endof
	815 of  .\" xor " -1 or  endof
	822 of  .\" - " -1 or  endof
	832 of  .\" 2* " -1 or  endof
	838 of  .\" 2/ " -1 or  endof
	845 of  .\" abs " -1 or  endof
	850 of  .\" negate " -1 or  endof
	855 of  .\" um* " -1 or  endof
	917 of  .\" * " -1 or  endof
	921 of  .\" um/mod " -1 or  endof
	987 of  .\" 0< " -1 or  endof
	995 of  .\" = " -1 or  endof
	997 of  .\" 0= " -1 or  endof
	997 of  .\" not " -1 or  endof
	1005 of  .\" u> " -1 or  endof
	1007 of  .\" u< " -1 or  endof
	1019 of  .\" > " -1 or  endof
	1021 of  .\" < " -1 or  endof
	1037 of  .\" (>r) " -1 or  endof
	1052 of  .\" (r>) " -1 or  endof
	1067 of  .\" (r@) " -1 or  endof
	1078 of  .\" execute " -1 or  endof
	1084 of  .\" ?branch " -1 or  endof
	1101 of  .\" (next) " -1 or  endof
	1127 of  .\" cold " -1 or  endof
	1127 of  .\" abort " -1 or  endof
	1137 of  .\" 'boot " -1 or  endof
	1140 of  .\" emit " -1 or  endof
	1149 of  .\" key " -1 or  endof
	1161 of  .\" key? " -1 or  endof
	1170 of  .\" min " -1 or  endof
	1184 of  .\" max " -1 or  endof
	1198 of  .\" depth " -1 or  endof
	1218 of  .\" (exec:) " -1 or  endof
	1230 of  .\" (string) " -1 or  endof
	1272 of  .\" number " -1 or  endof
	1280 of  .\" perform " -1 or  endof
	1292 of  .\" quit " -1 or  endof
	1347 of  .\" cr " -1 or  endof
	1359 of  .\" count " -1 or  endof
	1367 of  .\" type " -1 or  endof
	1379 of  .\" (.hex) " -1 or  endof
	1388 of  .\" .hex " -1 or  endof
	1392 of  .\" (hb.) " -1 or  endof
	1406 of  .\" h. " -1 or  endof
	1412 of  .\" hb. " -1 or  endof
	1414 of  .\" space " -1 or  endof
	1420 of  .\" dot " -1 or  endof
	1453 of  .\" . " -1 or  endof
	1466 of  .\" u. " -1 or  endof
	1470 of  .\" .nibble " -1 or  endof
	1509 of  .\" (bb.) " -1 or  endof
	1519 of  .\" bb. " -1 or  endof
	1527 of  .\" b. " -1 or  endof
	1541 of  .\" dump " -1 or  endof
	1609 of  .\" countd " -1 or  endof
	1621 of  .\" dumpd " -1 or  endof
	1689 of  .\" .s? " -1 or  endof
	1790 of  .\" .s " -1 or  endof
	1796 of  .\" .sh " -1 or  endof
	1802 of  .\" .su " -1 or  endof
	1808 of  .\" clear " -1 or  endof
	1811 of  .\" rdepth " -1 or  endof
	1823 of  .\" .rs " -1 or  endof
	1883 of  .\" start-headers " -1 or  endof
	1888 of  .\" tib " -1 or  endof
	1893 of  .\" erase-tib " -1 or  endof
	1903 of  .\" echo " -1 or  endof
	1907 of  .\" ++tib " -1 or  endof
	1910 of  .\" query " -1 or  endof
	1973 of  .\" match " -1 or  endof
	2032 of  .\" find " -1 or  endof
	2087 of  .\" .ok " -1 or  endof
	2100 of  .\" huh? " -1 or  endof
	2118 of  .\" interpret " -1 or  endof
	2151 of  .\" number " -1 or  endof
	2223 of  .\" us " -1 or  endof
	2233 of  .\" ms " -1 or  endof
	2285 of  .\" buffer " -1 or  endof
	2291 of  .\" addr " -1 or  endof
	2297 of  .\" addr! " -1 or  endof
	2302 of  .\" addr+ " -1 or  endof
	2305 of  .\" !+ " -1 or  endof
	2315 of  .\" @+ " -1 or  endof
	2325 of  .\" TCK " -1 or  endof
	2331 of  .\" TMS " -1 or  endof
	2337 of  .\" TDI " -1 or  endof
	2343 of  .\" TDO " -1 or  endof
	2349 of  .\" flash-timing " -1 or  endof
	2355 of  .\" 2MHz " -1 or  endof
	2365 of  .\" 11MHz " -1 or  endof
	2375 of  .\" 24MHz " -1 or  endof
	2385 of  .\" startup " -1 or  endof
	2418 of  .\" _init " -1 or  endof
	2431 of  .\" S " -1 or  endof
	2442 of  .\" K " -1 or  endof
	2447 of  .\" +k " -1 or  endof
	2450 of  .\" -k " -1 or  endof
	2453 of  .\" O@ " -1 or  endof
	2463 of  .\" Out " -1 or  endof
	2477 of  .\" I! " -1 or  endof
	2489 of  .\" In " -1 or  endof
	2505 of  .\" TAP-reset " -1 or  endof
	2527 of  .\" run-test/idle " -1 or  endof
	2548 of  .\" shift-IR " -1 or  endof
	2576 of  .\" shift-DR " -1 or  endof
	2597 of  .\" IR-Scan " -1 or  endof
	2623 of  .\" read-idcode " -1 or  endof
	2705 of  .\" run " -1 or  endof
	2712 of  .\" halt " -1 or  endof
	2719 of  .\" reset " -1 or  endof
	2726 of  .\" suspend " -1 or  endof
	2733 of  .\" id " -1 or  endof
	2739 of  .\" busy? " -1 or  endof
	2765 of  .\" poll-busy " -1 or  endof
	2776 of  .\" initiate-read " -1 or  endof
	2794 of  .\" read-8-bits " -1 or  endof
	2845 of  .\" read-16-bits " -1 or  endof
	2896 of  .\" read-FLASHCON " -1 or  endof
	2905 of  .\" read-FLASHSCL " -1 or  endof
	2914 of  .\" read-FLASHADR " -1 or  endof
	2923 of  .\" read-FLASHDAT " -1 or  endof
	2999 of  .\" FLbusy? " -1 or  endof
	3035 of  .\" poll-FLbusy " -1 or  endof
	3046 of  .\" write-8-bits " -1 or  endof
	3084 of  .\" write-16-bits " -1 or  endof
	3122 of  .\" write-FLASHSCL " -1 or  endof
	3131 of  .\" write-FLASHCON " -1 or  endof
	3140 of  .\" write-FLASHADR " -1 or  endof
	3149 of  .\" write-FLASHDAT " -1 or  endof
	3158 of  .\" read-flash-byte " -1 or  endof
	3181 of  .\" load-address " -1 or  endof
	3190 of  .\" remoteC@ " -1 or  endof
	3194 of  .\" remote-dump " -1 or  endof
	3260 of  .\" dump-line " -1 or  endof
	3282 of  .\" block " -1 or  endof
	3301 of  .\" page " -1 or  endof
	3309 of  .\" remote-show " -1 or  endof
	3318 of  .\" rs " -1 or  endof
	3320 of  .\" local-show " -1 or  endof
	3360 of  .\" ls " -1 or  endof
	3362 of  .\" write-flash-byte " -1 or  endof
	3380 of  .\" remoteC! " -1 or  endof
	3384 of  .\" remote-erase " -1 or  endof
	3409 of  .\" erase-page-0 " -1 or  endof
	3416 of  .\" erase-all " -1 or  endof
	3423 of  .\" localC! " -1 or  endof
	3446 of  .\" localC@ " -1 or  endof
	3449 of  .\" local-erase " -1 or  endof
	3469 of  .\" delay " -1 or  endof
	3478 of  .\" compare " -1 or  endof
	3541 of  .\" fill-buffer " -1 or  endof
	3564 of  .\" write-buffer " -1 or  endof
	3586 of  .\" write-page " -1 or  endof
	3612 of  .\" jtag-download " -1 or  endof
	3647 of  .\" dump-page " -1 or  endof
	3653 of  .\" jtdump " -1 or  endof
	3679 of  .\" dump-next " -1 or  endof
	3719 of  .\" C2D " -1 or  endof
	3725 of  .\" C2CK " -1 or  endof
	3731 of  .\" C2reset " -1 or  endof
	3746 of  .\" start " -1 or  endof
	3754 of  .\" stop " -1 or  endof
	3767 of  .\" wait " -1 or  endof
	3778 of  .\" read-byte " -1 or  endof
	3795 of  .\" ins " -1 or  endof
	3798 of  .\" length " -1 or  endof
	3815 of  .\" write-byte " -1 or  endof
	3829 of  .\" C2strobe " -1 or  endof
	3834 of  .\" C2D-release " -1 or  endof
	3840 of  .\" C2a! " -1 or  endof
	3853 of  .\" C2a@ " -1 or  endof
	3868 of  .\" C2d@ " -1 or  endof
	3892 of  .\" C2d! " -1 or  endof
	3916 of  .\" C2id@ " -1 or  endof
	3932 of  .\" FPCTL " -1 or  endof
	3938 of  .\" FPDAT " -1 or  endof
	3944 of  .\" poll-InBusy " -1 or  endof
	3962 of  .\" poll-OutReady " -1 or  endof
	3980 of  .\" .. " -1 or  endof
	3988 of  .\" C2init " -1 or  endof
	4022 of  .\" split " -1 or  endof
	4031 of  .\" BLOCK-READ " -1 or  endof
	4037 of  .\" BLOCK-WRITE " -1 or  endof
	4043 of  .\" PAGE-ERASE " -1 or  endof
	4049 of  .\" DEVICE-ERASE " -1 or  endof
	4055 of  .\" .? " -1 or  endof
	4063 of  .\" C2data@ " -1 or  endof
	4067 of  .\" C2data! " -1 or  endof
	4071 of  .\" C2dump " -1 or  endof
	4182 of  .\" C2dump-next " -1 or  endof
	4222 of  .\" C2dump0 " -1 or  endof
	4249 of  .\" C2erase-all " -1 or  endof
	4310 of  .\" C2write-buffer " -1 or  endof
	4405 of  .\" C2write-page " -1 or  endof
	4443 of  .\" C2-download " -1 or  endof
	4474 of  .\" init " -1 or  endof
	4483 of  .\" toggle " -1 or  endof
	4486 of  .\" test-delay " -1 or  endof
	4498 of  .\" test-us " -1 or  endof
	4520 of  .\" test " -1 or  endof
	4539 of  .\" test1 " -1 or  endof
	4558 of  .\" test0 " -1 or  endof
	4577 of  .\" go " -1 or  endof
	4802 of  .\" 'end " -1 or  endof
	endcase ; 