: source-filename$  ( a1 - a2 len) 
	case 
	917 of  s" kernel8051.fs"  endof
	995 of  s" kernel8051.fs"  endof
	1005 of  s" kernel8051.fs"  endof
	1019 of  s" kernel8051.fs"  endof
	1170 of  s" kernel8051.fs"  endof
	1184 of  s" kernel8051.fs"  endof
	1218 of  s" kernel8051.fs"  endof
	1272 of  s" kernel8051.fs"  endof
	1280 of  s" kernel8051.fs"  endof
	1292 of  s" kernel8051.fs"  endof
	1347 of  s" debug.fs"  endof
	1359 of  s" debug.fs"  endof
	1367 of  s" debug.fs"  endof
	1388 of  s" debug.fs"  endof
	1392 of  s" debug.fs"  endof
	1406 of  s" debug.fs"  endof
	1412 of  s" debug.fs"  endof
	1414 of  s" debug.fs"  endof
	1420 of  s" debug.fs"  endof
	1453 of  s" debug.fs"  endof
	1466 of  s" debug.fs"  endof
	1470 of  s" debug.fs"  endof
	1509 of  s" debug.fs"  endof
	1519 of  s" debug.fs"  endof
	1527 of  s" debug.fs"  endof
	1541 of  s" debug.fs"  endof
	1609 of  s" debug.fs"  endof
	1621 of  s" debug.fs"  endof
	1689 of  s" debug.fs"  endof
	1790 of  s" debug.fs"  endof
	1796 of  s" debug.fs"  endof
	1802 of  s" debug.fs"  endof
	1823 of  s" debug.fs"  endof
	1883 of  s" headers.fs"  endof
	1903 of  s" headers.fs"  endof
	1910 of  s" headers.fs"  endof
	1973 of  s" headers.fs"  endof
	2032 of  s" headers.fs"  endof
	2087 of  s" headers.fs"  endof
	2100 of  s" headers.fs"  endof
	2118 of  s" headers.fs"  endof
	2151 of  s" headers.fs"  endof
	2233 of  s" main.fs"  endof
	2305 of  s" main.fs"  endof
	2315 of  s" main.fs"  endof
	2355 of  s" main.fs"  endof
	2365 of  s" main.fs"  endof
	2375 of  s" main.fs"  endof
	2463 of  s" main.fs"  endof
	2489 of  s" main.fs"  endof
	2505 of  s" main.fs"  endof
	2527 of  s" main.fs"  endof
	2548 of  s" main.fs"  endof
	2576 of  s" main.fs"  endof
	2597 of  s" main.fs"  endof
	2623 of  s" main.fs"  endof
	2705 of  s" main.fs"  endof
	2712 of  s" main.fs"  endof
	2719 of  s" main.fs"  endof
	2726 of  s" main.fs"  endof
	2733 of  s" main.fs"  endof
	2739 of  s" main.fs"  endof
	2765 of  s" main.fs"  endof
	2776 of  s" main.fs"  endof
	2794 of  s" main.fs"  endof
	2845 of  s" main.fs"  endof
	2896 of  s" main.fs"  endof
	2905 of  s" main.fs"  endof
	2914 of  s" main.fs"  endof
	2923 of  s" main.fs"  endof
	2999 of  s" main.fs"  endof
	3035 of  s" main.fs"  endof
	3046 of  s" main.fs"  endof
	3084 of  s" main.fs"  endof
	3122 of  s" main.fs"  endof
	3131 of  s" main.fs"  endof
	3140 of  s" main.fs"  endof
	3149 of  s" main.fs"  endof
	3158 of  s" main.fs"  endof
	3181 of  s" main.fs"  endof
	3190 of  s" main.fs"  endof
	3194 of  s" main.fs"  endof
	3260 of  s" main.fs"  endof
	3282 of  s" main.fs"  endof
	3301 of  s" main.fs"  endof
	3309 of  s" main.fs"  endof
	3318 of  s" main.fs"  endof
	3320 of  s" main.fs"  endof
	3360 of  s" main.fs"  endof
	3362 of  s" main.fs"  endof
	3380 of  s" main.fs"  endof
	3384 of  s" main.fs"  endof
	3409 of  s" main.fs"  endof
	3416 of  s" main.fs"  endof
	3446 of  s" main.fs"  endof
	3469 of  s" main.fs"  endof
	3478 of  s" main.fs"  endof
	3541 of  s" main.fs"  endof
	3564 of  s" main.fs"  endof
	3586 of  s" main.fs"  endof
	3612 of  s" main.fs"  endof
	3653 of  s" main.fs"  endof
	3679 of  s" main.fs"  endof
	3731 of  s" main.fs"  endof
	3840 of  s" main.fs"  endof
	3853 of  s" main.fs"  endof
	3868 of  s" main.fs"  endof
	3892 of  s" main.fs"  endof
	3916 of  s" main.fs"  endof
	3944 of  s" main.fs"  endof
	3962 of  s" main.fs"  endof
	3980 of  s" main.fs"  endof
	3988 of  s" main.fs"  endof
	4055 of  s" main.fs"  endof
	4063 of  s" main.fs"  endof
	4067 of  s" main.fs"  endof
	4071 of  s" main.fs"  endof
	4182 of  s" main.fs"  endof
	4222 of  s" main.fs"  endof
	4249 of  s" main.fs"  endof
	4310 of  s" main.fs"  endof
	4405 of  s" main.fs"  endof
	4443 of  s" main.fs"  endof
	4474 of  s" main.fs"  endof
	4486 of  s" main.fs"  endof
	4498 of  s" main.fs"  endof
	4520 of  s" main.fs"  endof
	4539 of  s" main.fs"  endof
	4558 of  s" main.fs"  endof
	4577 of  s" main.fs"  endof
	endcase ; 