: .label  ( a - flag) 
	0 swap 
	case 
	0 of  .\" INTERRUPT-VECTORS " -1 or  endof
	512 of  .\" main " -1 or  endof
	123 of  .\" 'EMIT " -1 or  endof
	131 of  .\" 'KEY " -1 or  endof
	139 of  .\" 'KEY-OR-TIMEOUT " -1 or  endof
	172 of  .\" ENTRY " -1 or  endof
	0 of  .\" RESET " -1 or  endof
	635 of  .\" noop " -1 or  endof
	636 of  .\" dup " -1 or  endof
	642 of  .\" 2drop " -1 or  endof
	644 of  .\" drop " -1 or  endof
	650 of  .\" pfa " -1 or  endof
	657 of  .\" invert " -1 or  endof
	662 of  .\" flip " -1 or  endof
	664 of  .\" 1+ " -1 or  endof
	669 of  .\" 2+ " -1 or  endof
	675 of  .\" 1- " -1 or  endof
	680 of  .\" lit " -1 or  endof
	698 of  .\" swap " -1 or  endof
	706 of  .\" over " -1 or  endof
	715 of  .\" c@i " -1 or  endof
	720 of  .\" @i " -1 or  endof
	726 of  .\" c! " -1 or  endof
	726 of  .\" c!i " -1 or  endof
	733 of  .\" ! " -1 or  endof
	733 of  .\" !i " -1 or  endof
	743 of  .\" c@d " -1 or  endof
	751 of  .\" @d " -1 or  endof
	760 of  .\" c!d " -1 or  endof
	770 of  .\" !d " -1 or  endof
	785 of  .\" c@ " -1 or  endof
	792 of  .\" c@p " -1 or  endof
	800 of  .\" @ " -1 or  endof
	807 of  .\" @p " -1 or  endof
	818 of  .\" + " -1 or  endof
	825 of  .\" and " -1 or  endof
	832 of  .\" or " -1 or  endof
	839 of  .\" xor " -1 or  endof
	846 of  .\" - " -1 or  endof
	856 of  .\" 2* " -1 or  endof
	862 of  .\" 2/ " -1 or  endof
	869 of  .\" abs " -1 or  endof
	874 of  .\" negate " -1 or  endof
	879 of  .\" um* " -1 or  endof
	941 of  .\" * " -1 or  endof
	945 of  .\" um/mod " -1 or  endof
	1011 of  .\" 0< " -1 or  endof
	1019 of  .\" = " -1 or  endof
	1021 of  .\" 0= " -1 or  endof
	1021 of  .\" not " -1 or  endof
	1029 of  .\" u> " -1 or  endof
	1031 of  .\" u< " -1 or  endof
	1043 of  .\" > " -1 or  endof
	1045 of  .\" < " -1 or  endof
	1061 of  .\" (>r) " -1 or  endof
	1076 of  .\" (r>) " -1 or  endof
	1091 of  .\" (r@) " -1 or  endof
	1102 of  .\" execute " -1 or  endof
	1108 of  .\" ?branch " -1 or  endof
	1125 of  .\" (next) " -1 or  endof
	1151 of  .\" cold " -1 or  endof
	1151 of  .\" abort " -1 or  endof
	1161 of  .\" 'boot " -1 or  endof
	1164 of  .\" emit " -1 or  endof
	1173 of  .\" key " -1 or  endof
	1185 of  .\" key? " -1 or  endof
	1194 of  .\" min " -1 or  endof
	1208 of  .\" max " -1 or  endof
	1222 of  .\" depth " -1 or  endof
	1242 of  .\" (exec:) " -1 or  endof
	1254 of  .\" (string) " -1 or  endof
	1296 of  .\" number " -1 or  endof
	1304 of  .\" perform " -1 or  endof
	1316 of  .\" quit " -1 or  endof
	1371 of  .\" cr " -1 or  endof
	1383 of  .\" count " -1 or  endof
	1391 of  .\" type " -1 or  endof
	1403 of  .\" (.hex) " -1 or  endof
	1412 of  .\" .hex " -1 or  endof
	1416 of  .\" (hb.) " -1 or  endof
	1430 of  .\" h. " -1 or  endof
	1436 of  .\" hb. " -1 or  endof
	1438 of  .\" space " -1 or  endof
	1444 of  .\" dot " -1 or  endof
	1477 of  .\" . " -1 or  endof
	1490 of  .\" u. " -1 or  endof
	1494 of  .\" .nibble " -1 or  endof
	1533 of  .\" (bb.) " -1 or  endof
	1543 of  .\" bb. " -1 or  endof
	1551 of  .\" b. " -1 or  endof
	1565 of  .\" dump " -1 or  endof
	1633 of  .\" countd " -1 or  endof
	1645 of  .\" dumpd " -1 or  endof
	1713 of  .\" .s? " -1 or  endof
	1814 of  .\" .s " -1 or  endof
	1820 of  .\" .sh " -1 or  endof
	1826 of  .\" .su " -1 or  endof
	1832 of  .\" clear " -1 or  endof
	1835 of  .\" rdepth " -1 or  endof
	1847 of  .\" .rs " -1 or  endof
	1907 of  .\" 'end " -1 or  endof
	endcase ; 