: .sfr  ( a - flag) 
	case 
	0 of  ." 'SP"  endof
	0 of  ." 'R0"  endof
	1 of  ." 'R1"  endof
	2 of  ." 'R2"  endof
	3 of  ." 'R3"  endof
	4 of  ." 'R4"  endof
	5 of  ." 'R5"  endof
	6 of  ." 'R6"  endof
	7 of  ." 'R7"  endof
	128 of  ." P0"  endof
	136 of  ." TCON"  endof
	144 of  ." P1"  endof
	160 of  ." P2"  endof
	176 of  ." P3"  endof
	208 of  ." PSW"  endof
	224 of  ." ACC"  endof
	240 of  ." B"  endof
	129 of  ." RP"  endof
	130 of  ." DPL"  endof
	131 of  ." DPH"  endof
	135 of  ." PCON"  endof
	137 of  ." TMOD"  endof
	138 of  ." TL0"  endof
	139 of  ." TL1"  endof
	140 of  ." TH0"  endof
	141 of  ." TH1"  endof
	152 of  ." SCON"  endof
	153 of  ." SBUF"  endof
	168 of  ." IE"  endof
	184 of  ." IP"  endof
	142 of  ." CKCON"  endof
	143 of  ." PSCTL"  endof
	145 of  ." TMR3CN"  endof
	146 of  ." TMR3RLL"  endof
	147 of  ." TMR3RLH"  endof
	148 of  ." TMR3L"  endof
	149 of  ." TMR3H"  endof
	152 of  ." SCON0"  endof
	153 of  ." SBUF0"  endof
	154 of  ." CPT1CN"  endof
	155 of  ." CPT0CN"  endof
	156 of  ." CPT1MD"  endof
	157 of  ." CPT0MD"  endof
	158 of  ." CPT1MX"  endof
	159 of  ." CPT0MX"  endof
	161 of  ." SPI0CFG"  endof
	162 of  ." SPI0CKR"  endof
	163 of  ." SPI0DAT"  endof
	164 of  ." P0MDOUT"  endof
	165 of  ." P1MDOUT"  endof
	166 of  ." P2MDOUT"  endof
	167 of  ." P3MDOUT"  endof
	169 of  ." CLKSEL"  endof
	170 of  ." EMI0CN"  endof
	177 of  ." OSCXCN"  endof
	178 of  ." OSCICN"  endof
	179 of  ." OSCICL"  endof
	182 of  ." FLSCL"  endof
	183 of  ." FLKEY"  endof
	186 of  ." AMX0N"  endof
	187 of  ." AMX0P"  endof
	188 of  ." ADC0CF"  endof
	189 of  ." ADC0L"  endof
	190 of  ." ADC0H"  endof
	192 of  ." SMB0CN"  endof
	193 of  ." SMB0CF"  endof
	194 of  ." SMB0DAT"  endof
	196 of  ." ADC0GTL"  endof
	197 of  ." ADC0GTH"  endof
	198 of  ." ADC0LTL"  endof
	199 of  ." ADC0LTH"  endof
	200 of  ." TMR2CN"  endof
	202 of  ." TMR2RLL"  endof
	203 of  ." TMR2RLH"  endof
	204 of  ." TMR2L"  endof
	205 of  ." TMR2H"  endof
	209 of  ." REF0CN"  endof
	212 of  ." P0SKIP"  endof
	213 of  ." P1SKIP"  endof
	214 of  ." P2SKIP"  endof
	216 of  ." PCA0CN"  endof
	217 of  ." PCA0MD"  endof
	218 of  ." PCA0CPM0"  endof
	219 of  ." PCA0CPM1"  endof
	220 of  ." PCA0CPM2"  endof
	221 of  ." PCA0CPM3"  endof
	222 of  ." PCA0CPM4"  endof
	225 of  ." XBR0"  endof
	226 of  ." XBR1"  endof
	228 of  ." IT01CF"  endof
	230 of  ." EIE1"  endof
	232 of  ." ADC0CN"  endof
	233 of  ." PCA0CPL1"  endof
	234 of  ." PCA0CPH1"  endof
	235 of  ." PCA0CPL2"  endof
	236 of  ." PCA0CPH2"  endof
	237 of  ." PCA0CPL3"  endof
	238 of  ." PCA0CPH3"  endof
	239 of  ." RSTSRC"  endof
	241 of  ." P0MDIN"  endof
	242 of  ." P1MDIN"  endof
	243 of  ." P2MDIN"  endof
	244 of  ." P3MDIN"  endof
	246 of  ." EIP1"  endof
	248 of  ." SPI0CN"  endof
	249 of  ." PCA0L"  endof
	250 of  ." PCA0H"  endof
	251 of  ." PCA0CPL0"  endof
	252 of  ." PCA0CPH0"  endof
	253 of  ." PCA0CPL4"  endof
	254 of  ." PCA0CPH4"  endof
	255 of  ." VDM0CN"  endof
	dup .XX
	endcase ; 