: .label  ( a - flag) 
	0 swap 
	case 
	0 of  .\" INTERRUPT-VECTORS " -1 or  endof
	512 of  .\" main " -1 or  endof
	179 of  .\" 'EMIT " -1 or  endof
	187 of  .\" 'KEY " -1 or  endof
	195 of  .\" 'KEY-OR-TIMEOUT " -1 or  endof
	228 of  .\" ENTRY " -1 or  endof
	0 of  .\" RESET " -1 or  endof
	691 of  .\" noop " -1 or  endof
	692 of  .\" dup " -1 or  endof
	698 of  .\" 2drop " -1 or  endof
	700 of  .\" drop " -1 or  endof
	706 of  .\" pfa " -1 or  endof
	713 of  .\" invert " -1 or  endof
	718 of  .\" flip " -1 or  endof
	720 of  .\" 1+ " -1 or  endof
	725 of  .\" 2+ " -1 or  endof
	731 of  .\" 1- " -1 or  endof
	736 of  .\" lit " -1 or  endof
	754 of  .\" swap " -1 or  endof
	762 of  .\" over " -1 or  endof
	771 of  .\" c@i " -1 or  endof
	776 of  .\" @i " -1 or  endof
	782 of  .\" c! " -1 or  endof
	782 of  .\" c!i " -1 or  endof
	789 of  .\" ! " -1 or  endof
	789 of  .\" !i " -1 or  endof
	799 of  .\" c@d " -1 or  endof
	807 of  .\" @d " -1 or  endof
	816 of  .\" c!d " -1 or  endof
	826 of  .\" !d " -1 or  endof
	841 of  .\" c@ " -1 or  endof
	848 of  .\" c@p " -1 or  endof
	856 of  .\" @ " -1 or  endof
	863 of  .\" @p " -1 or  endof
	874 of  .\" + " -1 or  endof
	881 of  .\" and " -1 or  endof
	888 of  .\" or " -1 or  endof
	895 of  .\" xor " -1 or  endof
	902 of  .\" - " -1 or  endof
	912 of  .\" 2* " -1 or  endof
	918 of  .\" 2/ " -1 or  endof
	925 of  .\" abs " -1 or  endof
	930 of  .\" negate " -1 or  endof
	935 of  .\" um* " -1 or  endof
	997 of  .\" * " -1 or  endof
	1001 of  .\" um/mod " -1 or  endof
	1067 of  .\" 0< " -1 or  endof
	1075 of  .\" = " -1 or  endof
	1077 of  .\" 0= " -1 or  endof
	1077 of  .\" not " -1 or  endof
	1085 of  .\" u> " -1 or  endof
	1087 of  .\" u< " -1 or  endof
	1099 of  .\" > " -1 or  endof
	1101 of  .\" < " -1 or  endof
	1117 of  .\" (>r) " -1 or  endof
	1132 of  .\" (r>) " -1 or  endof
	1147 of  .\" (r@) " -1 or  endof
	1158 of  .\" execute " -1 or  endof
	1164 of  .\" ?branch " -1 or  endof
	1181 of  .\" (next) " -1 or  endof
	1207 of  .\" cold " -1 or  endof
	1207 of  .\" abort " -1 or  endof
	1217 of  .\" 'boot " -1 or  endof
	1220 of  .\" emit " -1 or  endof
	1229 of  .\" key " -1 or  endof
	1241 of  .\" key? " -1 or  endof
	1250 of  .\" min " -1 or  endof
	1264 of  .\" max " -1 or  endof
	1278 of  .\" depth " -1 or  endof
	1298 of  .\" (exec:) " -1 or  endof
	1310 of  .\" (string) " -1 or  endof
	1352 of  .\" number " -1 or  endof
	1360 of  .\" perform " -1 or  endof
	1372 of  .\" quit " -1 or  endof
	1427 of  .\" cr " -1 or  endof
	1439 of  .\" count " -1 or  endof
	1447 of  .\" type " -1 or  endof
	1459 of  .\" (.hex) " -1 or  endof
	1468 of  .\" .hex " -1 or  endof
	1472 of  .\" (hb.) " -1 or  endof
	1486 of  .\" h. " -1 or  endof
	1492 of  .\" hb. " -1 or  endof
	1494 of  .\" space " -1 or  endof
	1500 of  .\" dot " -1 or  endof
	1533 of  .\" . " -1 or  endof
	1546 of  .\" u. " -1 or  endof
	1550 of  .\" .nibble " -1 or  endof
	1589 of  .\" (bb.) " -1 or  endof
	1599 of  .\" bb. " -1 or  endof
	1607 of  .\" b. " -1 or  endof
	1621 of  .\" dump " -1 or  endof
	1689 of  .\" countd " -1 or  endof
	1701 of  .\" dumpd " -1 or  endof
	1769 of  .\" .s? " -1 or  endof
	1870 of  .\" .s " -1 or  endof
	1876 of  .\" .sh " -1 or  endof
	1882 of  .\" .su " -1 or  endof
	1888 of  .\" clear " -1 or  endof
	1891 of  .\" rdepth " -1 or  endof
	1903 of  .\" .rs " -1 or  endof
	1963 of  .\" 'end " -1 or  endof
	endcase ; 