: .sfr  ( a - flag) 
	case 
	0 of  ." 'SP"  endof
	0 of  ." 'R0"  endof
	1 of  ." 'R1"  endof
	2 of  ." 'R2"  endof
	3 of  ." 'R3"  endof
	4 of  ." 'R4"  endof
	5 of  ." 'R5"  endof
	6 of  ." 'R6"  endof
	7 of  ." 'R7"  endof
	128 of  ." P0"  endof
	136 of  ." TCON"  endof
	144 of  ." P1"  endof
	160 of  ." P2"  endof
	176 of  ." P3"  endof
	208 of  ." PSW"  endof
	224 of  ." ACC"  endof
	240 of  ." B"  endof
	129 of  ." RP"  endof
	130 of  ." DPL"  endof
	131 of  ." DPH"  endof
	135 of  ." PCON"  endof
	137 of  ." TMOD"  endof
	138 of  ." TL0"  endof
	139 of  ." TL1"  endof
	140 of  ." TH0"  endof
	141 of  ." TH1"  endof
	152 of  ." SCON"  endof
	153 of  ." SBUF"  endof
	168 of  ." IE"  endof
	184 of  ." IP"  endof
	132 of  ." SFRPAGE"  endof
	133 of  ." SFRNEXT"  endof
	134 of  ." SFRLAST"  endof
	136 of  ." CPT0CN"  endof
	136 of  ." CPT1CN"  endof
	136 of  ." CPT2CN"  endof
	137 of  ." CPT0MD"  endof
	137 of  ." CPT1MD"  endof
	137 of  ." CPT2MD"  endof
	138 of  ." OSCICN"  endof
	139 of  ." OSCICL"  endof
	140 of  ." OSCXCN"  endof
	142 of  ." CKCON"  endof
	143 of  ." PSCTL"  endof
	145 of  ." SSTA0"  endof
	150 of  ." SFRPGCN"  endof
	151 of  ." CLKSEL"  endof
	152 of  ." SCON0"  endof
	152 of  ." SCON1"  endof
	153 of  ." SBUF0"  endof
	153 of  ." SBUF1"  endof
	154 of  ." SPI0CFG"  endof
	155 of  ." SPI0DAT"  endof
	156 of  ." P4MDOUT"  endof
	157 of  ." SPI0CKR"  endof
	157 of  ." P5MDOUT"  endof
	158 of  ." P6MDOUT"  endof
	159 of  ." P7MDOUT"  endof
	161 of  ." EMI0TC"  endof
	162 of  ." EMI0CN"  endof
	163 of  ." EMI0CF"  endof
	164 of  ." P0MDOUT"  endof
	165 of  ." P1MDOUT"  endof
	166 of  ." P2MDOUT"  endof
	167 of  ." P3MDOUT"  endof
	169 of  ." SADDR0"  endof
	173 of  ." P1MDIN"  endof
	174 of  ." P2MDIN"  endof
	183 of  ." FLSCL"  endof
	183 of  ." FLACL"  endof
	185 of  ." SADEN0"  endof
	186 of  ." AMX2CF"  endof
	186 of  ." ADC0CPT"  endof
	187 of  ." AMX0SL"  endof
	187 of  ." AMX2SL"  endof
	187 of  ." ADC0CCF"  endof
	188 of  ." ADC0CF"  endof
	188 of  ." ADC1CF"  endof
	188 of  ." ADC2CF"  endof
	190 of  ." ADC0L"  endof
	190 of  ." ADC1L"  endof
	190 of  ." ADC2L"  endof
	191 of  ." ADC0H"  endof
	191 of  ." ADC1H"  endof
	191 of  ." ADC2H"  endof
	192 of  ." SMB0CN"  endof
	192 of  ." CAN0STA"  endof
	193 of  ." SMB0STA"  endof
	194 of  ." SMB0DAT"  endof
	195 of  ." SMB0ADR"  endof
	196 of  ." ADC0GTL"  endof
	196 of  ." ADC2GTL"  endof
	197 of  ." ADC0GTH"  endof
	197 of  ." ADC2GTH"  endof
	198 of  ." ADC0LTL"  endof
	198 of  ." ADC2LTL"  endof
	199 of  ." ADC0LTH"  endof
	199 of  ." ADC2LTH"  endof
	200 of  ." TMR2CN"  endof
	200 of  ." TMR3CN"  endof
	200 of  ." TMR4CN"  endof
	200 of  ." P4"  endof
	201 of  ." TMR2CF"  endof
	201 of  ." TMR3CF"  endof
	201 of  ." TMR4CF"  endof
	202 of  ." RCAP2L"  endof
	202 of  ." RCAP3L"  endof
	202 of  ." RCAP4L"  endof
	203 of  ." RCAP2H"  endof
	203 of  ." RCAP3H"  endof
	203 of  ." RCAP4H"  endof
	204 of  ." TMR2L"  endof
	204 of  ." TMR3L"  endof
	204 of  ." TMR4L"  endof
	205 of  ." TMR2H"  endof
	205 of  ." TMR3H"  endof
	205 of  ." TMR4H"  endof
	207 of  ." SMB0CR"  endof
	209 of  ." REF0CN"  endof
	209 of  ." REF1CN"  endof
	209 of  ." REF2CN"  endof
	210 of  ." DAC0L"  endof
	210 of  ." DAC1L"  endof
	211 of  ." DAC0H"  endof
	211 of  ." DAC1H"  endof
	212 of  ." DAC0CN"  endof
	212 of  ." DAC1CN"  endof
	216 of  ." PCA0CN"  endof
	216 of  ." CAN0DATL"  endof
	216 of  ." DMA0CN"  endof
	216 of  ." P5"  endof
	217 of  ." PCA0MD"  endof
	217 of  ." CAN0DATH"  endof
	217 of  ." DMA0DAL"  endof
	218 of  ." PCA0CPM0"  endof
	218 of  ." CAN0ADR"  endof
	218 of  ." DMA0DAH"  endof
	219 of  ." PCA0CPM1"  endof
	219 of  ." CAN0TST"  endof
	219 of  ." DMA0DSL"  endof
	220 of  ." PCA0CPM2"  endof
	220 of  ." DMA0DSH"  endof
	221 of  ." PCA0CPM3"  endof
	221 of  ." DMA0IPT"  endof
	222 of  ." PCA0CPM4"  endof
	222 of  ." DMA0IDT"  endof
	223 of  ." PCA0CPM5"  endof
	225 of  ." PCA0CPL5"  endof
	225 of  ." XBR0"  endof
	226 of  ." PCA0CPH5"  endof
	226 of  ." XBR1"  endof
	227 of  ." XBR2"  endof
	228 of  ." XBR3"  endof
	230 of  ." EIE1"  endof
	231 of  ." EIE2"  endof
	232 of  ." ADC0CN"  endof
	232 of  ." ADC1CN"  endof
	232 of  ." ADC2CN"  endof
	232 of  ." P6"  endof
	233 of  ." PCA0CPL2"  endof
	234 of  ." PCA0CPH2"  endof
	235 of  ." PCA0CPL3"  endof
	236 of  ." PCA0CPH3"  endof
	237 of  ." PCA0CPL4"  endof
	238 of  ." PCA0CPH4"  endof
	239 of  ." RSTSRC"  endof
	246 of  ." EIP1"  endof
	247 of  ." EIP2"  endof
	248 of  ." SPI0CN"  endof
	248 of  ." CAN0CN"  endof
	248 of  ." DMA0CF"  endof
	248 of  ." P7"  endof
	249 of  ." PCA0L"  endof
	249 of  ." DMA0CTL"  endof
	250 of  ." PCA0H"  endof
	250 of  ." DMA0CTH"  endof
	251 of  ." PCA0CPL0"  endof
	251 of  ." DMA0CSL"  endof
	252 of  ." PCA0CPH0"  endof
	252 of  ." DMA0CSH"  endof
	253 of  ." PCA0CPL1"  endof
	253 of  ." DMA0BND"  endof
	254 of  ." PCA0CPH1"  endof
	254 of  ." DMA0ISW"  endof
	255 of  ." WDTCN"  endof
	dup .XX
	endcase ; 