processor	amrfconf.fs	+1
sfr-file	amrfconf.fs	+2
downloader	amrfconf.fs	+3
baudrate	amrfconf.fs	+4
frequency	amrfconf.fs	+5
default-TH1	amrfconf.fs	+6
smod?	amrfconf.fs	+7
rom-start	amrfconf.fs	+8
polled-kernel	amrfconf.fs	+9
com?	amrfconf.fs	+10
2+	metacomp.fs	+44
flip	metacomp.fs	+46
not	metacomp.fs	+50
exec:	metacomp.fs	+52
\s	metacomp.fs	+55
escape-quotes	metacomp.fs	+57
make-vocabulary.log	metacomp.fs	+67
meta	metacomp.fs	+81
target	metacomp.fs	+82
asm	metacomp.fs	+83
immed	metacomp.fs	+84
also	metacomp.fs	+87
definitions	metacomp.fs	+88
to-meta	metacomp.fs	+92
in-meta	metacomp.fs	+93
in-compiler	metacomp.fs	+94
in-forth	metacomp.fs	+96
in-host	metacomp.fs	+97
in-assembler	metacomp.fs	+98
in-target	metacomp.fs	+99
in-immed	metacomp.fs	+100
m:	metacomp.fs	+103
;m	metacomp.fs	+104
f:	metacomp.fs	+107
;f	metacomp.fs	+108
a:	metacomp.fs	+111
;a	metacomp.fs	+112
i:	metacomp.fs	+115
;i	metacomp.fs	+116
romDP	metacomp.fs	+118
cpuDP	metacomp.fs	+120
write-crlf	metacomp.fs	+125
(.)	metacomp.fs	+128
makelogger	metacomp.fs	+131
dash	metacomp.fs	+147
aspace	metacomp.fs	+148
acolon	metacomp.fs	+149
(##)	metacomp.fs	+150
get-system-date	metacomp.fs	+151
createlog	metacomp.fs	+158
iram.log	metacomp.fs	+165
logIRAM	metacomp.fs	+166
romHERE	metacomp.fs	+169
cpuHERE	metacomp.fs	+170
bytes/target-record	metacomp.fs	+172
target-markers-size	metacomp.fs	+173
target-markers	metacomp.fs	+174
save-target-markers	metacomp.fs	+177
column#	metacomp.fs	+182
line#	metacomp.fs	+183
erase-target-byte-record	metacomp.fs	+185
erase-target-word-record	metacomp.fs	+186
symbols-file	metacomp.fs	+189
hidden-symbols-file	metacomp.fs	+190
exits-file	metacomp.fs	+191
labels-file	metacomp.fs	+192
sfrs-file	metacomp.fs	+193
commas-file	metacomp.fs	+194
branches-file	metacomp.fs	+195
sources-file	metacomp.fs	+196
create-log	metacomp.fs	+198
sources-id	metacomp.fs	+202
branches-id	metacomp.fs	+204
commas-id	metacomp.fs	+206
sfrs-id	metacomp.fs	+208
labels-id	metacomp.fs	+210
symbols-id	metacomp.fs	+212
hidden-symbols-id	metacomp.fs	+215
exits-id	metacomp.fs	+218
make-end-label	metacomp.fs	+221
make-start-label	metacomp.fs	+227
make-end-commas	metacomp.fs	+240
make-start-commas	metacomp.fs	+249
make-end-exits	metacomp.fs	+259
make-start-exits	metacomp.fs	+268
make-end-branches	metacomp.fs	+278
make-start-branches	metacomp.fs	+287
make-end-sfrs	metacomp.fs	+297
make-start-sfrs	metacomp.fs	+306
make-end-sources	metacomp.fs	+316
make-start-sources	metacomp.fs	+322
close-log-files	metacomp.fs	+332
flag-entry	metacomp.fs	+344
exits-entry	metacomp.fs	+353
branches-entry	metacomp.fs	+354
(commas-entry)	metacomp.fs	+355
sources-entry	metacomp.fs	+357
C_commas-entry	metacomp.fs	+372
commas-entry	metacomp.fs	+374
sfr-entry	metacomp.fs	+377
labels-entry	metacomp.fs	+393
symbols-entry	metacomp.fs	+408
hidden-symbols-entry	metacomp.fs	+423
last-sourceline#	metacomp.fs	+438
last->in	metacomp.fs	+439
target-size	metacomp.fs	+443
target-image	metacomp.fs	+445
w!	metacomp.fs	+451
w@	metacomp.fs	+453
sw@	metacomp.fs	+455
org	metacomp.fs	+459
romALLOT	metacomp.fs	+460
rp0	metacomp.fs	+463
sp0	metacomp.fs	+464
#bit-variables	metacomp.fs	+472
bit-variables	metacomp.fs	+474
overlapped?	metacomp.fs	+476
bit-collision?	metacomp.fs	+480
skip-bit-variables	metacomp.fs	+484
cpuhere	metacomp.fs	+487
?skip-bits	metacomp.fs	+489
cpuALLOT	metacomp.fs	+492
allot	metacomp.fs	+501
there	metacomp.fs	+503
c@-t	metacomp.fs	+505
c!-t	metacomp.fs	+506
@-t	metacomp.fs	+508
!-t	metacomp.fs	+509
c,-t	metacomp.fs	+511
,-t	metacomp.fs	+512
hostc,	metacomp.fs	+515
host,	metacomp.fs	+516
c,	metacomp.fs	+519
,	metacomp.fs	+520
label	metacomp.fs	+524
end-code	metacomp.fs	+525
c;	metacomp.fs	+526
s,-t	metacomp.fs	+529
'edge	metacomp.fs	+533
hide	metacomp.fs	+534
hint	metacomp.fs	+535
edge	metacomp.fs	+536
TARGET-NAMES	metacomp.fs	+543
CFA-T	metacomp.fs	+545
.id	metacomp.fs	+555
.ID-T	metacomp.fs	+558
REMEMBER-NAME	metacomp.fs	+567
.target-names	metacomp.fs	+572
save-labels	metacomp.fs	+582
tcreate	metacomp.fs	+594
-tcreate	metacomp.fs	+601
precreate	metacomp.fs	+607
mcreate	metacomp.fs	+612
code	metacomp.fs	+614
-code	metacomp.fs	+615
host-here	metacomp.fs	+618
here	metacomp.fs	+621
target-variable	metacomp.fs	+625
vcreate	metacomp.fs	+630
exclusively	metacomp.fs	+634
IMMEDIATE?	metacomp.fs	+639
TARGET?	metacomp.fs	+646
META?	metacomp.fs	+650
?missing	metacomp.fs	+656
host'	metacomp.fs	+659
'	metacomp.fs	+662
[t']	metacomp.fs	+665
STRING	metacomp.fs	+670
HOST,"	metacomp.fs	+671
,"	metacomp.fs	+672
,'	metacomp.fs	+673
double?	metacomp.fs	+675
CCONSTANT	asm8051.fs	+31
FSWAP	asm8051.fs	+36
which	asm8051.fs	+39
source	asm8051.fs	+41
destination	asm8051.fs	+44
fresh	asm8051.fs	+46
(operand)	asm8051.fs	+50
OPERAND	asm8051.fs	+56
AB	asm8051.fs	+60
#	asm8051.fs	+61
<#>	asm8051.fs	+61
A	asm8051.fs	+62
<A>	asm8051.fs	+62
direct	asm8051.fs	+63
<direct>	asm8051.fs	+63
@R0	asm8051.fs	+64
@SP	asm8051.fs	+64
@R1	asm8051.fs	+65
R0	asm8051.fs	+66
SP	asm8051.fs	+66
R1	asm8051.fs	+67
R2	asm8051.fs	+68
IH	asm8051.fs	+68
R3	asm8051.fs	+69
IL	asm8051.fs	+69
R4	asm8051.fs	+70
R5	asm8051.fs	+71
R6	asm8051.fs	+72
R7	asm8051.fs	+73
DPTR	asm8051.fs	+74
<DPTR>	asm8051.fs	+74
@DPTR	asm8051.fs	+75
<@DPTR>	asm8051.fs	+75
@A+DPTR	asm8051.fs	+76
<@A+DPTR>	asm8051.fs	+76
@A+PC	asm8051.fs	+77
<@A+PC>	asm8051.fs	+77
C	asm8051.fs	+78
<C>	asm8051.fs	+78
BIT	asm8051.fs	+79
<BIT>	asm8051.fs	+79
?OP-ERR	asm8051.fs	+85
0OPS?	asm8051.fs	+88
1OP?	asm8051.fs	+89
2OPS?	asm8051.fs	+90
XCH?	asm8051.fs	+92
ADD?	asm8051.fs	+96
XRL?	asm8051.fs	+98
ANL?	asm8051.fs	+105
RANGE?	asm8051.fs	+110
isBIT	asm8051.fs	+113
.P0	asm8051.fs	+120
.TCON	asm8051.fs	+120
.P1	asm8051.fs	+121
.SCON	asm8051.fs	+121
.P2	asm8051.fs	+122
.IE	asm8051.fs	+122
.P3	asm8051.fs	+123
.IP	asm8051.fs	+123
.PSW	asm8051.fs	+125
.ACC	asm8051.fs	+126
.B	asm8051.fs	+127
BIT?	asm8051.fs	+132
CLRCLR?	asm8051.fs	+136
SET?	asm8051.fs	+143
CLR?	asm8051.fs	+148
?0OPS	asm8051.fs	+155
(i1)	asm8051.fs	+157
i1	asm8051.fs	+159
(i2)	asm8051.fs	+163
(i3)	asm8051.fs	+169
i3	asm8051.fs	+178
(i4)	asm8051.fs	+182
SETB	asm8051.fs	+186
LCALL	asm8051.fs	+193
}RANGE	asm8051.fs	+195
ACALL	asm8051.fs	+199
CALL	asm8051.fs	+202
LJMP	asm8051.fs	+208
AJMP	asm8051.fs	+210
SJMP	asm8051.fs	+213
JUMP	asm8051.fs	+215
XCHD	asm8051.fs	+224
NOP	asm8051.fs	+228
RET	asm8051.fs	+229
RETI	asm8051.fs	+230
?A	asm8051.fs	+234
RR	asm8051.fs	+238
RRC	asm8051.fs	+239
RL	asm8051.fs	+240
RLC	asm8051.fs	+241
DA	asm8051.fs	+242
SWAP	asm8051.fs	+243
?AB	asm8051.fs	+247
DIV	asm8051.fs	+251
MUL	asm8051.fs	+252
JMP	asm8051.fs	+254
INC	asm8051.fs	+257
DEC	asm8051.fs	+261
ADD	asm8051.fs	+264
ADDC	asm8051.fs	+265
SUBB	asm8051.fs	+266
ORL	asm8051.fs	+268
ANL	asm8051.fs	+269
XRL	asm8051.fs	+270
XCH	asm8051.fs	+271
?C,/	asm8051.fs	+275
NORL	asm8051.fs	+282
NANL	asm8051.fs	+283
?direct	asm8051.fs	+287
PUSH	asm8051.fs	+291
POP	asm8051.fs	+292
MOVC	asm8051.fs	+294
MOVX	asm8051.fs	+299
?CLR	asm8051.fs	+314
CLR	asm8051.fs	+320
CPL	asm8051.fs	+326
mov1	asm8051.fs	+334
mov,	asm8051.fs	+336
mov74	asm8051.fs	+341
movF4	asm8051.fs	+342
movE4	asm8051.fs	+343
mov84	asm8051.fs	+344
movA4	asm8051.fs	+347
MOV	asm8051.fs	+351
-C	asm8051.fs	+372
+C	asm8051.fs	+373
0<>	asm8051.fs	+374
0=	asm8051.fs	+375
-ZERO	asm8051.fs	+377
CJNE?	asm8051.fs	+388
DJNE?	asm8051.fs	+392
?IF	asm8051.fs	+396
=	asm8051.fs	+407
BEGIN	asm8051.fs	+419
IF	asm8051.fs	+420
WHILE	asm8051.fs	+421
THEN	asm8051.fs	+422
ELSE	asm8051.fs	+423
UNTIL	asm8051.fs	+424
AGAIN	asm8051.fs	+425
REPEAT	asm8051.fs	+426
SFR	asm8051.fs	+431
'SP	asm8051.fs	+439
'R0	asm8051.fs	+440
'R1	asm8051.fs	+440
'R2	asm8051.fs	+440
'R3	asm8051.fs	+440
'R4	asm8051.fs	+441
'R5	asm8051.fs	+441
'R6	asm8051.fs	+441
'R7	asm8051.fs	+441
P0	asm8051.fs	+444
TCON	asm8051.fs	+444
P1	asm8051.fs	+444
P2	asm8051.fs	+444
P3	asm8051.fs	+445
PSW	asm8051.fs	+445
ACC	asm8051.fs	+445
B	asm8051.fs	+445
RP	asm8051.fs	+448
DPL	asm8051.fs	+449
DPH	asm8051.fs	+449
PCON	asm8051.fs	+449
TMOD	asm8051.fs	+449
TL0	asm8051.fs	+450
TL1	asm8051.fs	+450
TH0	asm8051.fs	+450
TH1	asm8051.fs	+450
SCON	asm8051.fs	+453
SBUF	asm8051.fs	+453
IE	asm8051.fs	+453
IP	asm8051.fs	+453
SFRPAGE	sfr-f061.fs	+36
SFRNEXT	sfr-f061.fs	+38
SFRLAST	sfr-f061.fs	+40
CPT0CN	sfr-f061.fs	+47
CPT1CN	sfr-f061.fs	+48
CPT2CN	sfr-f061.fs	+49
CPT0MD	sfr-f061.fs	+52
CPT1MD	sfr-f061.fs	+53
CPT2MD	sfr-f061.fs	+54
OSCICN	sfr-f061.fs	+57
OSCICL	sfr-f061.fs	+60
OSCXCN	sfr-f061.fs	+63
CKCON	sfr-f061.fs	+67
PSCTL	sfr-f061.fs	+69
SSTA0	sfr-f061.fs	+75
SFRPGCN	sfr-f061.fs	+77
CLKSEL	sfr-f061.fs	+79
SCON0	sfr-f061.fs	+83
.SCON0	sfr-f061.fs	+83
SCON1	sfr-f061.fs	+84
.SCON1	sfr-f061.fs	+84
SBUF0	sfr-f061.fs	+86
SBUF1	sfr-f061.fs	+87
SPI0CFG	sfr-f061.fs	+89
SPI0DAT	sfr-f061.fs	+91
P4MDOUT	sfr-f061.fs	+93
SPI0CKR	sfr-f061.fs	+95
P5MDOUT	sfr-f061.fs	+96
P6MDOUT	sfr-f061.fs	+98
P7MDOUT	sfr-f061.fs	+100
EMI0TC	sfr-f061.fs	+106
EMI0CN	sfr-f061.fs	+108
EMI0CF	sfr-f061.fs	+110
P0MDOUT	sfr-f061.fs	+112
P1MDOUT	sfr-f061.fs	+114
P2MDOUT	sfr-f061.fs	+116
P3MDOUT	sfr-f061.fs	+118
SADDR0	sfr-f061.fs	+124
P1MDIN	sfr-f061.fs	+126
P2MDIN	sfr-f061.fs	+128
FLSCL	sfr-f061.fs	+134
FLACL	sfr-f061.fs	+135
SADEN0	sfr-f061.fs	+141
AMX2CF	sfr-f061.fs	+143
ADC0CPT	sfr-f061.fs	+144
AMX0SL	sfr-f061.fs	+146
AMX2SL	sfr-f061.fs	+147
ADC0CCF	sfr-f061.fs	+148
ADC0CF	sfr-f061.fs	+150
ADC1CF	sfr-f061.fs	+151
ADC2CF	sfr-f061.fs	+152
ADC0L	sfr-f061.fs	+154
ADC1L	sfr-f061.fs	+155
ADC2L	sfr-f061.fs	+156
ADC0H	sfr-f061.fs	+158
ADC1H	sfr-f061.fs	+159
ADC2H	sfr-f061.fs	+160
SMB0CN	sfr-f061.fs	+164
.SMB0CN	sfr-f061.fs	+164
CAN0STA	sfr-f061.fs	+165
.CAN0STA	sfr-f061.fs	+165
SMB0STA	sfr-f061.fs	+167
SMB0DAT	sfr-f061.fs	+169
SMB0ADR	sfr-f061.fs	+171
ADC0GTL	sfr-f061.fs	+173
ADC2GTL	sfr-f061.fs	+174
ADC0GTH	sfr-f061.fs	+176
ADC2GTH	sfr-f061.fs	+177
ADC0LTL	sfr-f061.fs	+179
ADC2LTL	sfr-f061.fs	+180
ADC0LTH	sfr-f061.fs	+182
ADC2LTH	sfr-f061.fs	+183
TMR2CN	sfr-f061.fs	+187
.TMR2CN	sfr-f061.fs	+187
TMR3CN	sfr-f061.fs	+188
.TMR3CN	sfr-f061.fs	+188
TMR4CN	sfr-f061.fs	+189
.TMR4CN	sfr-f061.fs	+189
P4	sfr-f061.fs	+190
.P4	sfr-f061.fs	+190
TMR2CF	sfr-f061.fs	+192
TMR3CF	sfr-f061.fs	+193
TMR4CF	sfr-f061.fs	+194
RCAP2L	sfr-f061.fs	+196
RCAP3L	sfr-f061.fs	+197
RCAP4L	sfr-f061.fs	+198
RCAP2H	sfr-f061.fs	+200
RCAP3H	sfr-f061.fs	+201
RCAP4H	sfr-f061.fs	+202
TMR2L	sfr-f061.fs	+204
TMR3L	sfr-f061.fs	+205
TMR4L	sfr-f061.fs	+206
TMR2H	sfr-f061.fs	+208
TMR3H	sfr-f061.fs	+209
TMR4H	sfr-f061.fs	+210
SMB0CR	sfr-f061.fs	+212
REF0CN	sfr-f061.fs	+218
REF1CN	sfr-f061.fs	+219
REF2CN	sfr-f061.fs	+220
DAC0L	sfr-f061.fs	+222
DAC1L	sfr-f061.fs	+223
DAC0H	sfr-f061.fs	+225
DAC1H	sfr-f061.fs	+226
DAC0CN	sfr-f061.fs	+228
DAC1CN	sfr-f061.fs	+229
PCA0CN	sfr-f061.fs	+233
.PCA0CN	sfr-f061.fs	+233
CAN0DATL	sfr-f061.fs	+234
.CAN0DATL	sfr-f061.fs	+234
DMA0CN	sfr-f061.fs	+235
.DMA0CN	sfr-f061.fs	+235
P5	sfr-f061.fs	+236
.P5	sfr-f061.fs	+236
PCA0MD	sfr-f061.fs	+238
CAN0DATH	sfr-f061.fs	+239
DMA0DAL	sfr-f061.fs	+240
PCA0CPM0	sfr-f061.fs	+242
CAN0ADR	sfr-f061.fs	+243
DMA0DAH	sfr-f061.fs	+244
PCA0CPM1	sfr-f061.fs	+246
CAN0TST	sfr-f061.fs	+247
DMA0DSL	sfr-f061.fs	+248
PCA0CPM2	sfr-f061.fs	+250
DMA0DSH	sfr-f061.fs	+251
PCA0CPM3	sfr-f061.fs	+253
DMA0IPT	sfr-f061.fs	+254
PCA0CPM4	sfr-f061.fs	+256
DMA0IDT	sfr-f061.fs	+257
PCA0CPM5	sfr-f061.fs	+259
PCA0CPL5	sfr-f061.fs	+265
XBR0	sfr-f061.fs	+266
PCA0CPH5	sfr-f061.fs	+268
XBR1	sfr-f061.fs	+269
XBR2	sfr-f061.fs	+271
XBR3	sfr-f061.fs	+273
EIE1	sfr-f061.fs	+275
EIE2	sfr-f061.fs	+277
ADC0CN	sfr-f061.fs	+281
.ADC0CN	sfr-f061.fs	+281
ADC1CN	sfr-f061.fs	+282
.ADC1CN	sfr-f061.fs	+282
ADC2CN	sfr-f061.fs	+283
.ADC2CN	sfr-f061.fs	+283
P6	sfr-f061.fs	+284
.P6	sfr-f061.fs	+284
PCA0CPL2	sfr-f061.fs	+286
PCA0CPH2	sfr-f061.fs	+288
PCA0CPL3	sfr-f061.fs	+290
PCA0CPH3	sfr-f061.fs	+292
PCA0CPL4	sfr-f061.fs	+294
PCA0CPH4	sfr-f061.fs	+296
RSTSRC	sfr-f061.fs	+298
EIP1	sfr-f061.fs	+304
EIP2	sfr-f061.fs	+306
SPI0CN	sfr-f061.fs	+310
.SPI0CN	sfr-f061.fs	+310
CAN0CN	sfr-f061.fs	+311
.CAN0CN	sfr-f061.fs	+311
DMA0CF	sfr-f061.fs	+312
.DMA0CF	sfr-f061.fs	+312
P7	sfr-f061.fs	+313
.P7	sfr-f061.fs	+313
PCA0L	sfr-f061.fs	+315
DMA0CTL	sfr-f061.fs	+316
PCA0H	sfr-f061.fs	+318
DMA0CTH	sfr-f061.fs	+319
PCA0CPL0	sfr-f061.fs	+321
DMA0CSL	sfr-f061.fs	+322
PCA0CPH0	sfr-f061.fs	+324
DMA0CSH	sfr-f061.fs	+325
PCA0CPL1	sfr-f061.fs	+327
DMA0BND	sfr-f061.fs	+328
PCA0CPH1	sfr-f061.fs	+330
DMA0ISW	sfr-f061.fs	+331
WDTCN	sfr-f061.fs	+333
INTERRUPT-VECTORS	bootloader061.fs	+54
main	bootloader061.fs	+85
'EMIT	bootloader061.fs	+87
'KEY	bootloader061.fs	+89
'KEY-OR-TIMEOUT	bootloader061.fs	+91
ENTRY	bootloader061.fs	+105
RESET	bootloader061.fs	+163
[[	kernel8051.fs	+85
]]	kernel8051.fs	+86
$=	kernel8051.fs	+89
C8051F061	kernel8051.fs	+96
cygnal-chip	kernel8051.fs	+106
bootloader-installed	kernel8051.fs	+114
call,	kernel8051.fs	+119
lcall,	kernel8051.fs	+120
jump,	kernel8051.fs	+121
ljmp,	kernel8051.fs	+122
table?	kernel8051.fs	+124
mark-token	kernel8051.fs	+126
token,	kernel8051.fs	+131
next	kernel8051.fs	+140
exit-absolute	kernel8051.fs	+145
exit-long	kernel8051.fs	+151
exit	kernel8051.fs	+157
[asm	kernel8051.fs	+182
noop	kernel8051.fs	+184
nip	kernel8051.fs	+187
dup	kernel8051.fs	+190
2drop	kernel8051.fs	+193
drop	kernel8051.fs	+194
invert	kernel8051.fs	+202
flip	kernel8051.fs	+205
1+	kernel8051.fs	+210
2+	kernel8051.fs	+213
1-	kernel8051.fs	+216
lit	kernel8051.fs	+229
literal	kernel8051.fs	+234
#and	kernel8051.fs	+252
#or	kernel8051.fs	+253
#xor	kernel8051.fs	+254
#lit	kernel8051.fs	+255
[']	kernel8051.fs	+258
[char]	kernel8051.fs	+262
(	kernel8051.fs	+265
\	kernel8051.fs	+268
\s	kernel8051.fs	+271
[	kernel8051.fs	+285
;	kernel8051.fs	+321
-;	kernel8051.fs	+325
swap	kernel8051.fs	+351
over	kernel8051.fs	+355
c@i	kernel8051.fs	+363
@i	kernel8051.fs	+366
c!	kernel8051.fs	+368
c!i	kernel8051.fs	+369
!	kernel8051.fs	+372
!i	kernel8051.fs	+373
c@d	kernel8051.fs	+382
@d	kernel8051.fs	+384
c!d	kernel8051.fs	+387
!d	kernel8051.fs	+390
c@	kernel8051.fs	+398
c@p	kernel8051.fs	+401
@	kernel8051.fs	+406
@p	kernel8051.fs	+408
+	kernel8051.fs	+416
and	kernel8051.fs	+423
or	kernel8051.fs	+427
xor	kernel8051.fs	+431
-	kernel8051.fs	+433
2*	kernel8051.fs	+438
2/	kernel8051.fs	+442
abs	kernel8051.fs	+444
negate	kernel8051.fs	+446
um*	kernel8051.fs	+483
*	kernel8051.fs	+501
um/mod	kernel8051.fs	+507
0<	kernel8051.fs	+535
=	kernel8051.fs	+540
0=	kernel8051.fs	+541
not	kernel8051.fs	+542
u>	kernel8051.fs	+545
u<	kernel8051.fs	+546
>	kernel8051.fs	+552
<	kernel8051.fs	+553
(>r)	kernel8051.fs	+564
(r>)	kernel8051.fs	+568
push	kernel8051.fs	+573
>r	kernel8051.fs	+574
pop	kernel8051.fs	+575
r>	kernel8051.fs	+576
(r@)	kernel8051.fs	+579
i	kernel8051.fs	+584
r@	kernel8051.fs	+585
execute	kernel8051.fs	+608
?branch	kernel8051.fs	+610
if	kernel8051.fs	+619
else	kernel8051.fs	+620
then	kernel8051.fs	+623
begin	kernel8051.fs	+624
until	kernel8051.fs	+625
again	kernel8051.fs	+626
while	kernel8051.fs	+629
repeat	kernel8051.fs	+630
1-dup0=until	kernel8051.fs	+638
dupif	kernel8051.fs	+641
dupnotif	kernel8051.fs	+644
dup0=if	kernel8051.fs	+646
dup0<if	kernel8051.fs	+647
dup0<notif	kernel8051.fs	+649
dupuntil	kernel8051.fs	+651
dupnotuntil	kernel8051.fs	+654
dup0=until	kernel8051.fs	+657
dup0<until	kernel8051.fs	+658
dup0<notuntil	kernel8051.fs	+661
dup>r	kernel8051.fs	+664
r>drop	kernel8051.fs	+665
(next)	kernel8051.fs	+667
for	kernel8051.fs	+670
next	kernel8051.fs	+671
abort	kernel8051.fs	+711
emit	kernel8051.fs	+725
key	kernel8051.fs	+728
key?	kernel8051.fs	+731
min	kernel8051.fs	+772
max	kernel8051.fs	+774
depth	kernel8051.fs	+787
(exec:)	kernel8051.fs	+796
exec:	kernel8051.fs	+797
(string)	kernel8051.fs	+823
s"	kernel8051.fs	+830
number	kernel8051.fs	+833
perform	kernel8051.fs	+834
quit	kernel8051.fs	+838
cr	debug.fs	+25
count	debug.fs	+27
type	debug.fs	+28
."	debug.fs	+29
(.hex)	debug.fs	+32
.hex	debug.fs	+35
(hb.)	debug.fs	+36
h.	debug.fs	+37
hb.	debug.fs	+38
space	debug.fs	+39
dot	debug.fs	+42
.	debug.fs	+45
u.	debug.fs	+46
.nibble	debug.fs	+48
(bb.)	debug.fs	+50
bb.	debug.fs	+51
b.	debug.fs	+52
dump	debug.fs	+56
countd	debug.fs	+65
dumpd	debug.fs	+67
.s?	debug.fs	+90
.s	debug.fs	+103
.sh	debug.fs	+105
.su	debug.fs	+106
clear	debug.fs	+108
rdepth	debug.fs	+111
.rs	debug.fs	+115
