: exit-point?  ( a - flag) 
	case 
	919 of  -1  endof
	1119 of  -1  endof
	1125 of  -1  endof
	1182 of  -1  endof
	1196 of  -1  endof
	1228 of  -1  endof
	1278 of  -1  endof
	1282 of  -1  endof
	1357 of  -1  endof
	1365 of  -1  endof
	1377 of  -1  endof
	1390 of  -1  endof
	1404 of  -1  endof
	1418 of  -1  endof
	1451 of  -1  endof
	1468 of  -1  endof
	1517 of  -1  endof
	1525 of  -1  endof
	1539 of  -1  endof
	1607 of  -1  endof
	1619 of  -1  endof
	1687 of  -1  endof
	1721 of  -1  endof
	1788 of  -1  endof
	1794 of  -1  endof
	1800 of  -1  endof
	1806 of  -1  endof
	1859 of  -1  endof
	1881 of  -1  endof
	0 swap
	endcase ; 