: .label  ( a - flag) 
	0 swap 
	case 
	611 of  .\" noop " -1 or  endof
	612 of  .\" dup " -1 or  endof
	618 of  .\" 2drop " -1 or  endof
	620 of  .\" drop " -1 or  endof
	626 of  .\" pfa " -1 or  endof
	633 of  .\" invert " -1 or  endof
	638 of  .\" flip " -1 or  endof
	640 of  .\" 1+ " -1 or  endof
	645 of  .\" 2+ " -1 or  endof
	651 of  .\" 1- " -1 or  endof
	656 of  .\" lit " -1 or  endof
	674 of  .\" swap " -1 or  endof
	682 of  .\" over " -1 or  endof
	691 of  .\" c@i " -1 or  endof
	696 of  .\" @i " -1 or  endof
	702 of  .\" c! " -1 or  endof
	702 of  .\" c!i " -1 or  endof
	709 of  .\" ! " -1 or  endof
	709 of  .\" !i " -1 or  endof
	719 of  .\" c@d " -1 or  endof
	727 of  .\" @d " -1 or  endof
	736 of  .\" c!d " -1 or  endof
	746 of  .\" !d " -1 or  endof
	761 of  .\" c@ " -1 or  endof
	768 of  .\" c@p " -1 or  endof
	776 of  .\" @ " -1 or  endof
	783 of  .\" @p " -1 or  endof
	794 of  .\" + " -1 or  endof
	801 of  .\" and " -1 or  endof
	808 of  .\" or " -1 or  endof
	815 of  .\" xor " -1 or  endof
	822 of  .\" - " -1 or  endof
	832 of  .\" 2* " -1 or  endof
	838 of  .\" 2/ " -1 or  endof
	845 of  .\" abs " -1 or  endof
	850 of  .\" negate " -1 or  endof
	855 of  .\" um* " -1 or  endof
	917 of  .\" * " -1 or  endof
	921 of  .\" um/mod " -1 or  endof
	987 of  .\" 0< " -1 or  endof
	995 of  .\" = " -1 or  endof
	997 of  .\" 0= " -1 or  endof
	997 of  .\" not " -1 or  endof
	1005 of  .\" u> " -1 or  endof
	1007 of  .\" u< " -1 or  endof
	1019 of  .\" > " -1 or  endof
	1021 of  .\" < " -1 or  endof
	1037 of  .\" (>r) " -1 or  endof
	1052 of  .\" (r>) " -1 or  endof
	1067 of  .\" (r@) " -1 or  endof
	1078 of  .\" execute " -1 or  endof
	1084 of  .\" ?branch " -1 or  endof
	1101 of  .\" (next) " -1 or  endof
	1127 of  .\" cold " -1 or  endof
	1127 of  .\" abort " -1 or  endof
	1137 of  .\" 'boot " -1 or  endof
	1140 of  .\" emit " -1 or  endof
	1149 of  .\" key " -1 or  endof
	1161 of  .\" key? " -1 or  endof
	1170 of  .\" min " -1 or  endof
	1184 of  .\" max " -1 or  endof
	1198 of  .\" depth " -1 or  endof
	1218 of  .\" (exec:) " -1 or  endof
	1230 of  .\" (string) " -1 or  endof
	1272 of  .\" number " -1 or  endof
	1280 of  .\" perform " -1 or  endof
	1292 of  .\" quit " -1 or  endof
	1347 of  .\" cr " -1 or  endof
	1359 of  .\" count " -1 or  endof
	1367 of  .\" type " -1 or  endof
	1379 of  .\" (.hex) " -1 or  endof
	1388 of  .\" .hex " -1 or  endof
	1392 of  .\" (hb.) " -1 or  endof
	1406 of  .\" h. " -1 or  endof
	1412 of  .\" hb. " -1 or  endof
	1414 of  .\" space " -1 or  endof
	1420 of  .\" dot " -1 or  endof
	1453 of  .\" . " -1 or  endof
	1466 of  .\" u. " -1 or  endof
	1470 of  .\" .nibble " -1 or  endof
	1509 of  .\" (bb.) " -1 or  endof
	1519 of  .\" bb. " -1 or  endof
	1527 of  .\" b. " -1 or  endof
	1541 of  .\" dump " -1 or  endof
	1609 of  .\" countd " -1 or  endof
	1621 of  .\" dumpd " -1 or  endof
	1689 of  .\" .s? " -1 or  endof
	1790 of  .\" .s " -1 or  endof
	1796 of  .\" .sh " -1 or  endof
	1802 of  .\" .su " -1 or  endof
	1808 of  .\" clear " -1 or  endof
	1811 of  .\" rdepth " -1 or  endof
	1823 of  .\" .rs " -1 or  endof
	1883 of  .\" 'end " -1 or  endof
	endcase ; 